
sr_wb.elf:     file format elf32-littleriscv


Disassembly of section .text:

10000000 <_ftext>:
10000000:	0b00006f          	j	100000b0 <crt_init>
10000004:	00000013          	nop
10000008:	00000013          	nop
1000000c:	00000013          	nop
10000010:	00000013          	nop
10000014:	00000013          	nop
10000018:	00000013          	nop
1000001c:	00000013          	nop

10000020 <trap_entry>:
10000020:	fe112e23          	sw	ra,-4(sp)
10000024:	fe512c23          	sw	t0,-8(sp)
10000028:	fe612a23          	sw	t1,-12(sp)
1000002c:	fe712823          	sw	t2,-16(sp)
10000030:	fea12623          	sw	a0,-20(sp)
10000034:	feb12423          	sw	a1,-24(sp)
10000038:	fec12223          	sw	a2,-28(sp)
1000003c:	fed12023          	sw	a3,-32(sp)
10000040:	fce12e23          	sw	a4,-36(sp)
10000044:	fcf12c23          	sw	a5,-40(sp)
10000048:	fd012a23          	sw	a6,-44(sp)
1000004c:	fd112823          	sw	a7,-48(sp)
10000050:	fdc12623          	sw	t3,-52(sp)
10000054:	fdd12423          	sw	t4,-56(sp)
10000058:	fde12223          	sw	t5,-60(sp)
1000005c:	fdf12023          	sw	t6,-64(sp)
10000060:	fc010113          	addi	sp,sp,-64
10000064:	114000ef          	jal	ra,10000178 <isr>
10000068:	03c12083          	lw	ra,60(sp)
1000006c:	03812283          	lw	t0,56(sp)
10000070:	03412303          	lw	t1,52(sp)
10000074:	03012383          	lw	t2,48(sp)
10000078:	02c12503          	lw	a0,44(sp)
1000007c:	02812583          	lw	a1,40(sp)
10000080:	02412603          	lw	a2,36(sp)
10000084:	02012683          	lw	a3,32(sp)
10000088:	01c12703          	lw	a4,28(sp)
1000008c:	01812783          	lw	a5,24(sp)
10000090:	01412803          	lw	a6,20(sp)
10000094:	01012883          	lw	a7,16(sp)
10000098:	00c12e03          	lw	t3,12(sp)
1000009c:	00812e83          	lw	t4,8(sp)
100000a0:	00412f03          	lw	t5,4(sp)
100000a4:	00012f83          	lw	t6,0(sp)
100000a8:	04010113          	addi	sp,sp,64
100000ac:	30200073          	mret

100000b0 <crt_init>:
100000b0:	f1000117          	auipc	sp,0xf1000
100000b4:	75010113          	addi	sp,sp,1872 # 1000800 <_fstack>
100000b8:	00000517          	auipc	a0,0x0
100000bc:	f6850513          	addi	a0,a0,-152 # 10000020 <trap_entry>
100000c0:	30551073          	csrw	mtvec,a0

100000c4 <data_init>:
100000c4:	00000513          	li	a0,0
100000c8:	14800593          	li	a1,328
100000cc:	00000617          	auipc	a2,0x0
100000d0:	48c60613          	addi	a2,a2,1164 # 10000558 <_erodata>

100000d4 <data_loop>:
100000d4:	00b50c63          	beq	a0,a1,100000ec <bss_init>
100000d8:	00062683          	lw	a3,0(a2)
100000dc:	00d52023          	sw	a3,0(a0)
100000e0:	00450513          	addi	a0,a0,4
100000e4:	00460613          	addi	a2,a2,4
100000e8:	fedff06f          	j	100000d4 <data_loop>

100000ec <bss_init>:
100000ec:	14800513          	li	a0,328
100000f0:	15800593          	li	a1,344

100000f4 <bss_loop>:
100000f4:	00b50863          	beq	a0,a1,10000104 <bss_done>
100000f8:	00052023          	sw	zero,0(a0)
100000fc:	00450513          	addi	a0,a0,4
10000100:	ff5ff06f          	j	100000f4 <bss_loop>

10000104 <bss_done>:
10000104:	00001537          	lui	a0,0x1
10000108:	88050513          	addi	a0,a0,-1920 # 880 <_ebss+0x728>
1000010c:	30451073          	csrw	mie,a0
10000110:	21c000ef          	jal	ra,1000032c <main>

10000114 <infinit_loop>:
10000114:	0000006f          	j	10000114 <infinit_loop>

10000118 <flush_cpu_icache>:
10000118:	ff010113          	addi	sp,sp,-16
1000011c:	00812623          	sw	s0,12(sp)
10000120:	01010413          	addi	s0,sp,16
10000124:	00000013          	nop
10000128:	00c12403          	lw	s0,12(sp)
1000012c:	01010113          	addi	sp,sp,16
10000130:	00008067          	ret

10000134 <flush_cpu_dcache>:
10000134:	ff010113          	addi	sp,sp,-16
10000138:	00812623          	sw	s0,12(sp)
1000013c:	01010413          	addi	s0,sp,16
10000140:	00000013          	nop
10000144:	00c12403          	lw	s0,12(sp)
10000148:	01010113          	addi	sp,sp,16
1000014c:	00008067          	ret

10000150 <irq_setmask>:
10000150:	fe010113          	addi	sp,sp,-32
10000154:	00812e23          	sw	s0,28(sp)
10000158:	02010413          	addi	s0,sp,32
1000015c:	fea42623          	sw	a0,-20(s0)
10000160:	fec42783          	lw	a5,-20(s0)
10000164:	bc079073          	csrw	0xbc0,a5
10000168:	00000013          	nop
1000016c:	01c12403          	lw	s0,28(sp)
10000170:	02010113          	addi	sp,sp,32
10000174:	00008067          	ret

10000178 <isr>:
10000178:	ff010113          	addi	sp,sp,-16
1000017c:	00112623          	sw	ra,12(sp)
10000180:	00812423          	sw	s0,8(sp)
10000184:	01010413          	addi	s0,sp,16
10000188:	00000513          	li	a0,0
1000018c:	fc5ff0ef          	jal	ra,10000150 <irq_setmask>
10000190:	f00037b7          	lui	a5,0xf0003
10000194:	03878793          	addi	a5,a5,56 # f0003038 <_erodata+0xe0002ae0>
10000198:	00a00713          	li	a4,10
1000019c:	00e7a023          	sw	a4,0(a5)
100001a0:	f00037b7          	lui	a5,0xf0003
100001a4:	03c78793          	addi	a5,a5,60 # f000303c <_erodata+0xe0002ae4>
100001a8:	00020737          	lui	a4,0x20
100001ac:	00e7a023          	sw	a4,0(a5)
100001b0:	00100713          	li	a4,1
100001b4:	14e01423          	sh	a4,328(zero) # 148 <flag>
100001b8:	00000013          	nop
100001bc:	00c12083          	lw	ra,12(sp)
100001c0:	00812403          	lw	s0,8(sp)
100001c4:	01010113          	addi	sp,sp,16
100001c8:	00008067          	ret

100001cc <flush_cpu_icache>:
100001cc:	ff010113          	addi	sp,sp,-16
100001d0:	00812623          	sw	s0,12(sp)
100001d4:	01010413          	addi	s0,sp,16
100001d8:	00000013          	nop
100001dc:	00c12403          	lw	s0,12(sp)
100001e0:	01010113          	addi	sp,sp,16
100001e4:	00008067          	ret

100001e8 <flush_cpu_dcache>:
100001e8:	ff010113          	addi	sp,sp,-16
100001ec:	00812623          	sw	s0,12(sp)
100001f0:	01010413          	addi	s0,sp,16
100001f4:	00000013          	nop
100001f8:	00c12403          	lw	s0,12(sp)
100001fc:	01010113          	addi	sp,sp,16
10000200:	00008067          	ret

10000204 <put_char>:
10000204:	fe010113          	addi	sp,sp,-32
10000208:	00112e23          	sw	ra,28(sp)
1000020c:	00812c23          	sw	s0,24(sp)
10000210:	02010413          	addi	s0,sp,32
10000214:	00050793          	mv	a5,a0
10000218:	fef407a3          	sb	a5,-17(s0)
1000021c:	fef44703          	lbu	a4,-17(s0)
10000220:	00a00793          	li	a5,10
10000224:	00f71663          	bne	a4,a5,10000230 <put_char+0x2c>
10000228:	00d00513          	li	a0,13
1000022c:	fd9ff0ef          	jal	ra,10000204 <put_char>
10000230:	00000013          	nop
10000234:	f00067b7          	lui	a5,0xf0006
10000238:	80478793          	addi	a5,a5,-2044 # f0005804 <_erodata+0xe00052ac>
1000023c:	0007a703          	lw	a4,0(a5)
10000240:	00100793          	li	a5,1
10000244:	fef708e3          	beq	a4,a5,10000234 <put_char+0x30>
10000248:	f00067b7          	lui	a5,0xf0006
1000024c:	80078793          	addi	a5,a5,-2048 # f0005800 <_erodata+0xe00052a8>
10000250:	fef44703          	lbu	a4,-17(s0)
10000254:	00e7a023          	sw	a4,0(a5)
10000258:	00000013          	nop
1000025c:	01c12083          	lw	ra,28(sp)
10000260:	01812403          	lw	s0,24(sp)
10000264:	02010113          	addi	sp,sp,32
10000268:	00008067          	ret

1000026c <putDword>:
1000026c:	fe010113          	addi	sp,sp,-32
10000270:	00812e23          	sw	s0,28(sp)
10000274:	02010413          	addi	s0,sp,32
10000278:	fea42623          	sw	a0,-20(s0)
1000027c:	f00067b7          	lui	a5,0xf0006
10000280:	80078793          	addi	a5,a5,-2048 # f0005800 <_erodata+0xe00052a8>
10000284:	fec42703          	lw	a4,-20(s0)
10000288:	01875713          	srli	a4,a4,0x18
1000028c:	00e7a023          	sw	a4,0(a5)
10000290:	f00067b7          	lui	a5,0xf0006
10000294:	80078793          	addi	a5,a5,-2048 # f0005800 <_erodata+0xe00052a8>
10000298:	fec42703          	lw	a4,-20(s0)
1000029c:	01075713          	srli	a4,a4,0x10
100002a0:	00e7a023          	sw	a4,0(a5)
100002a4:	f00067b7          	lui	a5,0xf0006
100002a8:	80078793          	addi	a5,a5,-2048 # f0005800 <_erodata+0xe00052a8>
100002ac:	fec42703          	lw	a4,-20(s0)
100002b0:	00875713          	srli	a4,a4,0x8
100002b4:	00e7a023          	sw	a4,0(a5)
100002b8:	f00067b7          	lui	a5,0xf0006
100002bc:	80078793          	addi	a5,a5,-2048 # f0005800 <_erodata+0xe00052a8>
100002c0:	fec42703          	lw	a4,-20(s0)
100002c4:	00e7a023          	sw	a4,0(a5)
100002c8:	00000013          	nop
100002cc:	01c12403          	lw	s0,28(sp)
100002d0:	02010113          	addi	sp,sp,32
100002d4:	00008067          	ret

100002d8 <print>:
100002d8:	fe010113          	addi	sp,sp,-32
100002dc:	00112e23          	sw	ra,28(sp)
100002e0:	00812c23          	sw	s0,24(sp)
100002e4:	02010413          	addi	s0,sp,32
100002e8:	fea42623          	sw	a0,-20(s0)
100002ec:	01c0006f          	j	10000308 <print+0x30>
100002f0:	fec42783          	lw	a5,-20(s0)
100002f4:	00178713          	addi	a4,a5,1
100002f8:	fee42623          	sw	a4,-20(s0)
100002fc:	0007c783          	lbu	a5,0(a5)
10000300:	00078513          	mv	a0,a5
10000304:	f01ff0ef          	jal	ra,10000204 <put_char>
10000308:	fec42783          	lw	a5,-20(s0)
1000030c:	0007c783          	lbu	a5,0(a5)
10000310:	fe0790e3          	bnez	a5,100002f0 <print+0x18>
10000314:	00000013          	nop
10000318:	00000013          	nop
1000031c:	01c12083          	lw	ra,28(sp)
10000320:	01812403          	lw	s0,24(sp)
10000324:	02010113          	addi	sp,sp,32
10000328:	00008067          	ret

1000032c <main>:
1000032c:	ff010113          	addi	sp,sp,-16
10000330:	00812623          	sw	s0,12(sp)
10000334:	01010413          	addi	s0,sp,16
10000338:	f00047b7          	lui	a5,0xf0004
1000033c:	00100713          	li	a4,1
10000340:	00e7a023          	sw	a4,0(a5) # f0004000 <_erodata+0xe0003aa8>
10000344:	f00047b7          	lui	a5,0xf0004
10000348:	80078793          	addi	a5,a5,-2048 # f0003800 <_erodata+0xe00032a8>
1000034c:	00100713          	li	a4,1
10000350:	00e7a023          	sw	a4,0(a5)
10000354:	260007b7          	lui	a5,0x26000
10000358:	0a078793          	addi	a5,a5,160 # 260000a0 <_erodata+0x15fffb48>
1000035c:	00002737          	lui	a4,0x2
10000360:	80970713          	addi	a4,a4,-2039 # 1809 <_ebss+0x16b1>
10000364:	00e7a023          	sw	a4,0(a5)
10000368:	260007b7          	lui	a5,0x26000
1000036c:	09c78793          	addi	a5,a5,156 # 2600009c <_erodata+0x15fffb44>
10000370:	00002737          	lui	a4,0x2
10000374:	80970713          	addi	a4,a4,-2039 # 1809 <_ebss+0x16b1>
10000378:	00e7a023          	sw	a4,0(a5)
1000037c:	260007b7          	lui	a5,0x26000
10000380:	09878793          	addi	a5,a5,152 # 26000098 <_erodata+0x15fffb40>
10000384:	00002737          	lui	a4,0x2
10000388:	80970713          	addi	a4,a4,-2039 # 1809 <_ebss+0x16b1>
1000038c:	00e7a023          	sw	a4,0(a5)
10000390:	260007b7          	lui	a5,0x26000
10000394:	09478793          	addi	a5,a5,148 # 26000094 <_erodata+0x15fffb3c>
10000398:	00002737          	lui	a4,0x2
1000039c:	80970713          	addi	a4,a4,-2039 # 1809 <_ebss+0x16b1>
100003a0:	00e7a023          	sw	a4,0(a5)
100003a4:	260007b7          	lui	a5,0x26000
100003a8:	09078793          	addi	a5,a5,144 # 26000090 <_erodata+0x15fffb38>
100003ac:	00002737          	lui	a4,0x2
100003b0:	80970713          	addi	a4,a4,-2039 # 1809 <_ebss+0x16b1>
100003b4:	00e7a023          	sw	a4,0(a5)
100003b8:	260007b7          	lui	a5,0x26000
100003bc:	08c78793          	addi	a5,a5,140 # 2600008c <_erodata+0x15fffb34>
100003c0:	00002737          	lui	a4,0x2
100003c4:	80970713          	addi	a4,a4,-2039 # 1809 <_ebss+0x16b1>
100003c8:	00e7a023          	sw	a4,0(a5)
100003cc:	260007b7          	lui	a5,0x26000
100003d0:	08878793          	addi	a5,a5,136 # 26000088 <_erodata+0x15fffb30>
100003d4:	00002737          	lui	a4,0x2
100003d8:	80970713          	addi	a4,a4,-2039 # 1809 <_ebss+0x16b1>
100003dc:	00e7a023          	sw	a4,0(a5)
100003e0:	260007b7          	lui	a5,0x26000
100003e4:	08478793          	addi	a5,a5,132 # 26000084 <_erodata+0x15fffb2c>
100003e8:	00002737          	lui	a4,0x2
100003ec:	80970713          	addi	a4,a4,-2039 # 1809 <_ebss+0x16b1>
100003f0:	00e7a023          	sw	a4,0(a5)
100003f4:	260007b7          	lui	a5,0x26000
100003f8:	08078793          	addi	a5,a5,128 # 26000080 <_erodata+0x15fffb28>
100003fc:	00002737          	lui	a4,0x2
10000400:	80970713          	addi	a4,a4,-2039 # 1809 <_ebss+0x16b1>
10000404:	00e7a023          	sw	a4,0(a5)
10000408:	260007b7          	lui	a5,0x26000
1000040c:	07c78793          	addi	a5,a5,124 # 2600007c <_erodata+0x15fffb24>
10000410:	00002737          	lui	a4,0x2
10000414:	80970713          	addi	a4,a4,-2039 # 1809 <_ebss+0x16b1>
10000418:	00e7a023          	sw	a4,0(a5)
1000041c:	260007b7          	lui	a5,0x26000
10000420:	07878793          	addi	a5,a5,120 # 26000078 <_erodata+0x15fffb20>
10000424:	00002737          	lui	a4,0x2
10000428:	80970713          	addi	a4,a4,-2039 # 1809 <_ebss+0x16b1>
1000042c:	00e7a023          	sw	a4,0(a5)
10000430:	260007b7          	lui	a5,0x26000
10000434:	07478793          	addi	a5,a5,116 # 26000074 <_erodata+0x15fffb1c>
10000438:	00002737          	lui	a4,0x2
1000043c:	80970713          	addi	a4,a4,-2039 # 1809 <_ebss+0x16b1>
10000440:	00e7a023          	sw	a4,0(a5)
10000444:	260007b7          	lui	a5,0x26000
10000448:	07078793          	addi	a5,a5,112 # 26000070 <_erodata+0x15fffb18>
1000044c:	00002737          	lui	a4,0x2
10000450:	80970713          	addi	a4,a4,-2039 # 1809 <_ebss+0x16b1>
10000454:	00e7a023          	sw	a4,0(a5)
10000458:	260007b7          	lui	a5,0x26000
1000045c:	06c78793          	addi	a5,a5,108 # 2600006c <_erodata+0x15fffb14>
10000460:	00002737          	lui	a4,0x2
10000464:	80970713          	addi	a4,a4,-2039 # 1809 <_ebss+0x16b1>
10000468:	00e7a023          	sw	a4,0(a5)
1000046c:	260007b7          	lui	a5,0x26000
10000470:	06878793          	addi	a5,a5,104 # 26000068 <_erodata+0x15fffb10>
10000474:	00002737          	lui	a4,0x2
10000478:	80970713          	addi	a4,a4,-2039 # 1809 <_ebss+0x16b1>
1000047c:	00e7a023          	sw	a4,0(a5)
10000480:	260007b7          	lui	a5,0x26000
10000484:	06478793          	addi	a5,a5,100 # 26000064 <_erodata+0x15fffb0c>
10000488:	00002737          	lui	a4,0x2
1000048c:	80970713          	addi	a4,a4,-2039 # 1809 <_ebss+0x16b1>
10000490:	00e7a023          	sw	a4,0(a5)
10000494:	260007b7          	lui	a5,0x26000
10000498:	02478793          	addi	a5,a5,36 # 26000024 <_erodata+0x15fffacc>
1000049c:	00002737          	lui	a4,0x2
100004a0:	80970713          	addi	a4,a4,-2039 # 1809 <_ebss+0x16b1>
100004a4:	00e7a023          	sw	a4,0(a5)
100004a8:	260007b7          	lui	a5,0x26000
100004ac:	02878793          	addi	a5,a5,40 # 26000028 <_erodata+0x15fffad0>
100004b0:	00002737          	lui	a4,0x2
100004b4:	80970713          	addi	a4,a4,-2039 # 1809 <_ebss+0x16b1>
100004b8:	00e7a023          	sw	a4,0(a5)
100004bc:	260007b7          	lui	a5,0x26000
100004c0:	00100713          	li	a4,1
100004c4:	00e7a023          	sw	a4,0(a5) # 26000000 <_erodata+0x15fffaa8>
100004c8:	00000013          	nop
100004cc:	260007b7          	lui	a5,0x26000
100004d0:	0007a703          	lw	a4,0(a5) # 26000000 <_erodata+0x15fffaa8>
100004d4:	00100793          	li	a5,1
100004d8:	fef70ae3          	beq	a4,a5,100004cc <main+0x1a0>
100004dc:	260007b7          	lui	a5,0x26000
100004e0:	00c78793          	addi	a5,a5,12 # 2600000c <_erodata+0x15fffab4>
100004e4:	00100713          	li	a4,1
100004e8:	00e7a023          	sw	a4,0(a5)
100004ec:	14001623          	sh	zero,332(zero) # 14c <i>
100004f0:	0380006f          	j	10000528 <main+0x1fc>
100004f4:	14c05783          	lhu	a5,332(zero) # 14c <i>
100004f8:	00078693          	mv	a3,a5
100004fc:	00000713          	li	a4,0
10000500:	00169793          	slli	a5,a3,0x1
10000504:	00f707b3          	add	a5,a4,a5
10000508:	0007d703          	lhu	a4,0(a5)
1000050c:	300007b7          	lui	a5,0x30000
10000510:	00e7a023          	sw	a4,0(a5) # 30000000 <_erodata+0x1ffffaa8>
10000514:	14c05783          	lhu	a5,332(zero) # 14c <i>
10000518:	00178793          	addi	a5,a5,1
1000051c:	01079713          	slli	a4,a5,0x10
10000520:	01075713          	srli	a4,a4,0x10
10000524:	14e01623          	sh	a4,332(zero) # 14c <i>
10000528:	14c05703          	lhu	a4,332(zero) # 14c <i>
1000052c:	0a300793          	li	a5,163
10000530:	fce7f2e3          	bgeu	a5,a4,100004f4 <main+0x1c8>
10000534:	260007b7          	lui	a5,0x26000
10000538:	00c78793          	addi	a5,a5,12 # 2600000c <_erodata+0x15fffab4>
1000053c:	00200713          	li	a4,2
10000540:	00e7a023          	sw	a4,0(a5)
10000544:	00000013          	nop
10000548:	00c12403          	lw	s0,12(sp)
1000054c:	01010113          	addi	sp,sp,16
10000550:	00008067          	ret
